Info    2020-07-23 17:49:41  DevID:LBAS-GE13-30C(00C02230244)  Source-Line:libMvCameraControl.so(CInterfaceManager.cpp-L0810)     Description:Current dynamic library path[/opt/LBAS/Samples_LinuxSDK/lib/64/libMvCameraControl.so]     Solution:
Info    2020-07-23 17:49:41  DevID:LBAS-GE13-30C(00C02230244)  Source-Line:libMvCameraControl.so(CInterfaceManager.cpp-L0814)     Description:[MV_CC_CreateHandle] return[0x0]     Solution:
Info    2020-07-23 17:49:41  DevID:LBAS-GE13-30C(00C02230244)  Source-Line:libMvCameraControl.so(CInterfaceManager.cpp-L4652)     Description:[MV_GIGE_ForceIpEx] IP[0xc0a80433], SubNetMask[0xffffff00], DefaultGateWay[0xc0a80401], return[0x0]     Solution:
Info    2020-07-23 17:49:41  DevID:LBAS-GE13-30C(00C02230244)  Source-Line:libMvCameraControl.so(CInterfaceManager.cpp-L0810)     Description:Current dynamic library path[/opt/LBAS/Samples_LinuxSDK/lib/64/libMvCameraControl.so]     Solution:
Info    2020-07-23 17:49:41  DevID:LBAS-GE13-30C(00C02230244)  Source-Line:libMvCameraControl.so(CInterfaceManager.cpp-L0814)     Description:[MV_CC_CreateHandle] return[0x0]     Solution:
Info    2020-07-23 17:49:41  DevID:LBAS-GE13-30C(00C02230244)  Source-Line:libMvCameraControl.so(CInterfaceManager.cpp-L0810)     Description:Current dynamic library path[/opt/LBAS/Samples_LinuxSDK/lib/64/libMvCameraControl.so]     Solution:
Info    2020-07-23 17:49:41  DevID:LBAS-GE13-30C(00C02230244)  Source-Line:libMvCameraControl.so(CInterfaceManager.cpp-L0814)     Description:[MV_CC_CreateHandle] return[0x0]     Solution:
Info    2020-07-23 17:49:41  DevID:LBAS-GE13-30C(00C02230244)  Source-Line:libMvCameraControl.so(CInterfaceManager.cpp-L5883)     Description:CamCtrl[0x3000006], GigE SDKVersion[0x3000006], DriverVersion[0x0]     Solution:
Error   2020-07-23 17:49:43  DevID:LBAS-GE13-30C(00C02230244)  Source-Line:libMvCameraControl.so(CInterfaceManager.cpp-L3981)     Description:[MV_CC_InvalidateNodes] return[0x80000003]     Solution:
Info    2020-07-23 17:49:43  DevID:LBAS-GE13-30C(00C02230244)  Source-Line:libMvCameraControl.so(CInterfaceManager.cpp-L1088)     Description:[MV_CC_OpenDevice] nPrivilegeMode[1], nSwitchoverKey[0], return[0x80000206]     Solution:
Error   2020-07-23 17:49:45  DevID:LBAS-GE13-30C(00C02230244)  Source-Line:libMvCameraControl.so(CInterfaceManager.cpp-L1525)     Description:[MV_CC_StartGrabbing] return[0x80000003]     Solution:
Error   2020-07-23 17:49:50  DevID:LBAS-GE13-30C(00C02230244)  Source-Line:libMvCameraControl.so(CInterfaceManager.cpp-L1525)     Description:[MV_CC_StartGrabbing] return[0x80000003]     Solution:
Info    2020-07-23 17:52:25  DevID:LBAS-GE13-30C(00C02230244)  Source-Line:libMvCameraControl.so(CInterfaceManager.cpp-L0810)     Description:Current dynamic library path[/opt/LBAS/Samples_LinuxSDK/lib/64/libMvCameraControl.so]     Solution:
Info    2020-07-23 17:52:25  DevID:LBAS-GE13-30C(00C02230244)  Source-Line:libMvCameraControl.so(CInterfaceManager.cpp-L0814)     Description:[MV_CC_CreateHandle] return[0x0]     Solution:
Info    2020-07-23 17:52:25  DevID:LBAS-GE13-30C(00C02230244)  Source-Line:libMvCameraControl.so(CInterfaceManager.cpp-L4652)     Description:[MV_GIGE_ForceIpEx] IP[0xc0a80433], SubNetMask[0xffffff00], DefaultGateWay[0xc0a80401], return[0x0]     Solution:
Info    2020-07-23 17:52:25  DevID:LBAS-GE13-30C(00C02230244)  Source-Line:libMvCameraControl.so(CInterfaceManager.cpp-L0810)     Description:Current dynamic library path[/opt/LBAS/Samples_LinuxSDK/lib/64/libMvCameraControl.so]     Solution:
Info    2020-07-23 17:52:25  DevID:LBAS-GE13-30C(00C02230244)  Source-Line:libMvCameraControl.so(CInterfaceManager.cpp-L0814)     Description:[MV_CC_CreateHandle] return[0x0]     Solution:
Info    2020-07-23 17:52:25  DevID:LBAS-GE13-30C(00C02230244)  Source-Line:libMvCameraControl.so(CInterfaceManager.cpp-L0810)     Description:Current dynamic library path[/opt/LBAS/Samples_LinuxSDK/lib/64/libMvCameraControl.so]     Solution:
Info    2020-07-23 17:52:25  DevID:LBAS-GE13-30C(00C02230244)  Source-Line:libMvCameraControl.so(CInterfaceManager.cpp-L0814)     Description:[MV_CC_CreateHandle] return[0x0]     Solution:
Info    2020-07-23 17:52:25  DevID:LBAS-GE13-30C(00C02230244)  Source-Line:libMvCameraControl.so(CInterfaceManager.cpp-L5883)     Description:CamCtrl[0x3000006], GigE SDKVersion[0x3000006], DriverVersion[0x0]     Solution:
Error   2020-07-23 17:52:27  DevID:LBAS-GE13-30C(00C02230244)  Source-Line:libMvCameraControl.so(CInterfaceManager.cpp-L3981)     Description:[MV_CC_InvalidateNodes] return[0x80000003]     Solution:
Info    2020-07-23 17:52:27  DevID:LBAS-GE13-30C(00C02230244)  Source-Line:libMvCameraControl.so(CInterfaceManager.cpp-L1088)     Description:[MV_CC_OpenDevice] nPrivilegeMode[1], nSwitchoverKey[0], return[0x80000206]     Solution:
Error   2020-07-23 17:52:29  DevID:LBAS-GE13-30C(00C02230244)  Source-Line:libMvCameraControl.so(CInterfaceManager.cpp-L1525)     Description:[MV_CC_StartGrabbing] return[0x80000003]     Solution:
Info    2020-07-23 17:53:38  DevID:LBAS-GE13-30C(00C02230244)  Source-Line:libMvCameraControl.so(CInterfaceManager.cpp-L0810)     Description:Current dynamic library path[/opt/LBAS/Samples_LinuxSDK/lib/64/libMvCameraControl.so]     Solution:
Info    2020-07-23 17:53:38  DevID:LBAS-GE13-30C(00C02230244)  Source-Line:libMvCameraControl.so(CInterfaceManager.cpp-L0814)     Description:[MV_CC_CreateHandle] return[0x0]     Solution:
Info    2020-07-23 17:53:38  DevID:LBAS-GE13-30C(00C02230244)  Source-Line:libMvCameraControl.so(CInterfaceManager.cpp-L4652)     Description:[MV_GIGE_ForceIpEx] IP[0xc0a80433], SubNetMask[0xffffff00], DefaultGateWay[0xc0a80401], return[0x0]     Solution:
Info    2020-07-23 17:53:38  DevID:LBAS-GE13-30C(00C02230244)  Source-Line:libMvCameraControl.so(CInterfaceManager.cpp-L0810)     Description:Current dynamic library path[/opt/LBAS/Samples_LinuxSDK/lib/64/libMvCameraControl.so]     Solution:
Info    2020-07-23 17:53:38  DevID:LBAS-GE13-30C(00C02230244)  Source-Line:libMvCameraControl.so(CInterfaceManager.cpp-L0814)     Description:[MV_CC_CreateHandle] return[0x0]     Solution:
Info    2020-07-23 17:53:38  DevID:LBAS-GE13-30C(00C02230244)  Source-Line:libMvCameraControl.so(CInterfaceManager.cpp-L0810)     Description:Current dynamic library path[/opt/LBAS/Samples_LinuxSDK/lib/64/libMvCameraControl.so]     Solution:
Info    2020-07-23 17:53:38  DevID:LBAS-GE13-30C(00C02230244)  Source-Line:libMvCameraControl.so(CInterfaceManager.cpp-L0814)     Description:[MV_CC_CreateHandle] return[0x0]     Solution:
Info    2020-07-23 17:53:38  DevID:LBAS-GE13-30C(00C02230244)  Source-Line:libMvCameraControl.so(CInterfaceManager.cpp-L5883)     Description:CamCtrl[0x3000006], GigE SDKVersion[0x3000006], DriverVersion[0x0]     Solution:
Error   2020-07-23 17:53:40  DevID:LBAS-GE13-30C(00C02230244)  Source-Line:libMvCameraControl.so(CInterfaceManager.cpp-L3981)     Description:[MV_CC_InvalidateNodes] return[0x80000003]     Solution:
Info    2020-07-23 17:53:40  DevID:LBAS-GE13-30C(00C02230244)  Source-Line:libMvCameraControl.so(CInterfaceManager.cpp-L1088)     Description:[MV_CC_OpenDevice] nPrivilegeMode[1], nSwitchoverKey[0], return[0x80000206]     Solution:
Error   2020-07-23 17:53:42  DevID:LBAS-GE13-30C(00C02230244)  Source-Line:libMvCameraControl.so(CInterfaceManager.cpp-L1525)     Description:[MV_CC_StartGrabbing] return[0x80000003]     Solution:
Info    2020-07-23 17:55:56  DevID:LBAS-GE13-30C(00C02230244)  Source-Line:libMvCameraControl.so(CInterfaceManager.cpp-L0810)     Description:Current dynamic library path[/opt/LBAS/Samples_LinuxSDK/lib/64/libMvCameraControl.so]     Solution:
Info    2020-07-23 17:55:56  DevID:LBAS-GE13-30C(00C02230244)  Source-Line:libMvCameraControl.so(CInterfaceManager.cpp-L0814)     Description:[MV_CC_CreateHandle] return[0x0]     Solution:
Info    2020-07-23 17:55:56  DevID:LBAS-GE13-30C(00C02230244)  Source-Line:libMvCameraControl.so(CInterfaceManager.cpp-L4652)     Description:[MV_GIGE_ForceIpEx] IP[0xc0a80433], SubNetMask[0xffffff00], DefaultGateWay[0xc0a80401], return[0x0]     Solution:
Info    2020-07-23 17:55:56  DevID:LBAS-GE13-30C(00C02230244)  Source-Line:libMvCameraControl.so(CInterfaceManager.cpp-L0810)     Description:Current dynamic library path[/opt/LBAS/Samples_LinuxSDK/lib/64/libMvCameraControl.so]     Solution:
Info    2020-07-23 17:55:56  DevID:LBAS-GE13-30C(00C02230244)  Source-Line:libMvCameraControl.so(CInterfaceManager.cpp-L0814)     Description:[MV_CC_CreateHandle] return[0x0]     Solution:
Info    2020-07-23 17:55:56  DevID:LBAS-GE13-30C(00C02230244)  Source-Line:libMvCameraControl.so(CInterfaceManager.cpp-L0810)     Description:Current dynamic library path[/opt/LBAS/Samples_LinuxSDK/lib/64/libMvCameraControl.so]     Solution:
Info    2020-07-23 17:55:56  DevID:LBAS-GE13-30C(00C02230244)  Source-Line:libMvCameraControl.so(CInterfaceManager.cpp-L0814)     Description:[MV_CC_CreateHandle] return[0x0]     Solution:
Info    2020-07-23 17:55:56  DevID:LBAS-GE13-30C(00C02230244)  Source-Line:libMvCameraControl.so(CInterfaceManager.cpp-L5883)     Description:CamCtrl[0x3000006], GigE SDKVersion[0x3000006], DriverVersion[0x0]     Solution:
Error   2020-07-23 17:55:58  DevID:LBAS-GE13-30C(00C02230244)  Source-Line:libMvCameraControl.so(CInterfaceManager.cpp-L3981)     Description:[MV_CC_InvalidateNodes] return[0x80000003]     Solution:
Info    2020-07-23 17:55:58  DevID:LBAS-GE13-30C(00C02230244)  Source-Line:libMvCameraControl.so(CInterfaceManager.cpp-L1088)     Description:[MV_CC_OpenDevice] nPrivilegeMode[1], nSwitchoverKey[0], return[0x80000206]     Solution:
Error   2020-07-23 17:55:59  DevID:LBAS-GE13-30C(00C02230244)  Source-Line:libMvCameraControl.so(CInterfaceManager.cpp-L1525)     Description:[MV_CC_StartGrabbing] return[0x80000003]     Solution:
Info    2020-07-23 17:57:37  DevID:LBAS-GE13-30C(00C02230244)  Source-Line:libMvCameraControl.so(CInterfaceManager.cpp-L0810)     Description:Current dynamic library path[/opt/LBAS/Samples_LinuxSDK/lib/64/libMvCameraControl.so]     Solution:
Info    2020-07-23 17:57:37  DevID:LBAS-GE13-30C(00C02230244)  Source-Line:libMvCameraControl.so(CInterfaceManager.cpp-L0814)     Description:[MV_CC_CreateHandle] return[0x0]     Solution:
Info    2020-07-23 17:57:37  DevID:LBAS-GE13-30C(00C02230244)  Source-Line:libMvCameraControl.so(CInterfaceManager.cpp-L4652)     Description:[MV_GIGE_ForceIpEx] IP[0xc0a80533], SubNetMask[0xffffff00], DefaultGateWay[0xc0a80501], return[0x0]     Solution:
Info    2020-07-23 17:57:37  DevID:LBAS-GE13-30C(00C02230244)  Source-Line:libMvCameraControl.so(CInterfaceManager.cpp-L0810)     Description:Current dynamic library path[/opt/LBAS/Samples_LinuxSDK/lib/64/libMvCameraControl.so]     Solution:
Info    2020-07-23 17:57:37  DevID:LBAS-GE13-30C(00C02230244)  Source-Line:libMvCameraControl.so(CInterfaceManager.cpp-L0814)     Description:[MV_CC_CreateHandle] return[0x0]     Solution:
Info    2020-07-23 17:57:37  DevID:LBAS-GE13-30C(00C02230244)  Source-Line:libMvCameraControl.so(CInterfaceManager.cpp-L0810)     Description:Current dynamic library path[/opt/LBAS/Samples_LinuxSDK/lib/64/libMvCameraControl.so]     Solution:
Info    2020-07-23 17:57:37  DevID:LBAS-GE13-30C(00C02230244)  Source-Line:libMvCameraControl.so(CInterfaceManager.cpp-L0814)     Description:[MV_CC_CreateHandle] return[0x0]     Solution:
Info    2020-07-23 17:57:37  DevID:LBAS-GE13-30C(00C02230244)  Source-Line:libMvCameraControl.so(CInterfaceManager.cpp-L5883)     Description:CamCtrl[0x3000006], GigE SDKVersion[0x3000006], DriverVersion[0x0]     Solution:
Info    2020-07-23 17:57:38  DevID:LBAS-GE13-30C(00C02230244)  Source-Line:libMvCameraControl.so(CInterfaceManager.cpp-L3992)     Description:[MV_CC_InvalidateNodes] return[0x0]     Solution:
Info    2020-07-23 17:57:38  DevID:LBAS-GE13-30C(00C02230244)  Source-Line:libMvCameraControl.so(CInterfaceManager.cpp-L1088)     Description:[MV_CC_OpenDevice] nPrivilegeMode[1], nSwitchoverKey[0], return[0x0]     Solution:
Info    2020-07-23 17:57:40  DevID:LBAS-GE13-30C(00C02230244)  Source-Line:libMvCameraControl.so(CInterfaceManager.cpp-L1591)     Description:GigE, DeviceModelName[LBAS-GE13-30C], DeviceFirmwareVersion[V2.5.0 170411,170322], DeviceMaxThroughput[763290000]     Solution:
Info    2020-07-23 17:57:40  DevID:LBAS-GE13-30C(00C02230244)  Source-Line:libMvCameraControl.so(CInterfaceManager.cpp-L1596)     Description:GigE, Width[1280], Height[960], OffsetX[0], OffsetY[0], PixelFormat[0x2100032], AcquisitionMode[2]     Solution:
Info    2020-07-23 17:57:40  DevID:LBAS-GE13-30C(00C02230244)  Source-Line:libMvCameraControl.so(CInterfaceManager.cpp-L1602)     Description:GigE, TriggerMode[0], ResultingFrameRate[30.00], ExposureTime[10000.00], ExposureAuto[0], PayloadSize[2457600]     Solution:
Info    2020-07-23 17:57:40  DevID:LBAS-GE13-30C(00C02230244)  Source-Line:libMvCameraControl.so(CInterfaceManager.cpp-L1607)     Description:GigE, GevLinkSpeed[1000], GevHeartbeatTimeout[3000], GevSCPSPacketSize[1500], GevSCPD[400]     Solution:
Info    2020-07-23 17:57:40  DevID:LBAS-GE13-30C(00C02230244)  Source-Line:libMvCameraControl.so(CInterfaceManager.cpp-L1712)     Description:There is no registration callback     Solution:
Info    2020-07-23 17:57:40  DevID:LBAS-GE13-30C(00C02230244)  Source-Line:libMvCameraControl.so(CInterfaceManager.cpp-L5564)     Description:CamCtrl RecvThread Start, ThreadId[-1171138816]     Solution:
Info    2020-07-23 17:57:40  DevID:LBAS-GE13-30C(00C02230244)  Source-Line:libMvCameraControl.so(CInterfaceManager.cpp-L5390)     Description:CamCtrl Display Thread Start, ThreadId[-1179531520]     Solution:
Info    2020-07-23 17:57:40  DevID:LBAS-GE13-30C(00C02230244)  Source-Line:libMvCameraControl.so(CInterfaceManager.cpp-L1717)     Description:[MV_CC_StartGrabbing] return[0x0]     Solution:
Info    2020-07-23 17:58:07  DevID:LBAS-GE13-30C(00C02230244)  Source-Line:libMvCameraControl.so(CInterfaceManager.cpp-L0810)     Description:Current dynamic library path[/opt/LBAS/Samples_LinuxSDK/lib/64/libMvCameraControl.so]     Solution:
Info    2020-07-23 17:58:07  DevID:LBAS-GE13-30C(00C02230244)  Source-Line:libMvCameraControl.so(CInterfaceManager.cpp-L0814)     Description:[MV_CC_CreateHandle] return[0x0]     Solution:
Error   2020-07-23 17:58:15  DevID:LBAS-GE13-30C(00C02230244)  Source-Line:libMvCameraControl.so(CInterfaceManager.cpp-L4648)     Description:[MV_GIGE_ForceIpEx] IP[0xc0a80533], SubNetMask[0xffffff00], DefaultGateWay[0xc0a80501], return[0x80000204]     Solution:
Info    2020-07-23 17:58:24  DevID:LBAS-GE13-30C(00C02230244)  Source-Line:libMvCameraControl.so(CInterfaceManager.cpp-L0810)     Description:Current dynamic library path[/opt/LBAS/Samples_LinuxSDK/lib/64/libMvCameraControl.so]     Solution:
Info    2020-07-23 17:58:24  DevID:LBAS-GE13-30C(00C02230244)  Source-Line:libMvCameraControl.so(CInterfaceManager.cpp-L0814)     Description:[MV_CC_CreateHandle] return[0x0]     Solution:
Info    2020-07-23 17:58:24  DevID:LBAS-GE13-30C(00C02230244)  Source-Line:libMvCameraControl.so(CInterfaceManager.cpp-L4652)     Description:[MV_GIGE_ForceIpEx] IP[0xc0a80533], SubNetMask[0xffffff00], DefaultGateWay[0xc0a80501], return[0x0]     Solution:
Info    2020-07-23 17:58:24  DevID:LBAS-GE13-30C(00C02230244)  Source-Line:libMvCameraControl.so(CInterfaceManager.cpp-L0810)     Description:Current dynamic library path[/opt/LBAS/Samples_LinuxSDK/lib/64/libMvCameraControl.so]     Solution:
Info    2020-07-23 17:58:24  DevID:LBAS-GE13-30C(00C02230244)  Source-Line:libMvCameraControl.so(CInterfaceManager.cpp-L0814)     Description:[MV_CC_CreateHandle] return[0x0]     Solution:
Info    2020-07-23 17:58:24  DevID:LBAS-GE13-30C(00C02230244)  Source-Line:libMvCameraControl.so(CInterfaceManager.cpp-L0810)     Description:Current dynamic library path[/opt/LBAS/Samples_LinuxSDK/lib/64/libMvCameraControl.so]     Solution:
Info    2020-07-23 17:58:24  DevID:LBAS-GE13-30C(00C02230244)  Source-Line:libMvCameraControl.so(CInterfaceManager.cpp-L0814)     Description:[MV_CC_CreateHandle] return[0x0]     Solution:
Info    2020-07-23 17:58:24  DevID:LBAS-GE13-30C(00C02230244)  Source-Line:libMvCameraControl.so(CInterfaceManager.cpp-L5883)     Description:CamCtrl[0x3000006], GigE SDKVersion[0x3000006], DriverVersion[0x0]     Solution:
Info    2020-07-23 17:58:25  DevID:LBAS-GE13-30C(00C02230244)  Source-Line:libMvCameraControl.so(CInterfaceManager.cpp-L3992)     Description:[MV_CC_InvalidateNodes] return[0x0]     Solution:
Info    2020-07-23 17:58:25  DevID:LBAS-GE13-30C(00C02230244)  Source-Line:libMvCameraControl.so(CInterfaceManager.cpp-L1088)     Description:[MV_CC_OpenDevice] nPrivilegeMode[1], nSwitchoverKey[0], return[0x0]     Solution:
Info    2020-07-23 17:58:26  DevID:LBAS-GE13-30C(00C02230244)  Source-Line:libMvCameraControl.so(CInterfaceManager.cpp-L1591)     Description:GigE, DeviceModelName[LBAS-GE13-30C], DeviceFirmwareVersion[V2.5.0 170411,170322], DeviceMaxThroughput[763290000]     Solution:
Info    2020-07-23 17:58:26  DevID:LBAS-GE13-30C(00C02230244)  Source-Line:libMvCameraControl.so(CInterfaceManager.cpp-L1596)     Description:GigE, Width[1280], Height[960], OffsetX[0], OffsetY[0], PixelFormat[0x2100032], AcquisitionMode[2]     Solution:
Info    2020-07-23 17:58:26  DevID:LBAS-GE13-30C(00C02230244)  Source-Line:libMvCameraControl.so(CInterfaceManager.cpp-L1602)     Description:GigE, TriggerMode[0], ResultingFrameRate[30.00], ExposureTime[10000.00], ExposureAuto[0], PayloadSize[2457600]     Solution:
Info    2020-07-23 17:58:26  DevID:LBAS-GE13-30C(00C02230244)  Source-Line:libMvCameraControl.so(CInterfaceManager.cpp-L1607)     Description:GigE, GevLinkSpeed[1000], GevHeartbeatTimeout[3000], GevSCPSPacketSize[1500], GevSCPD[400]     Solution:
Info    2020-07-23 17:58:26  DevID:LBAS-GE13-30C(00C02230244)  Source-Line:libMvCameraControl.so(CInterfaceManager.cpp-L1712)     Description:There is no registration callback     Solution:
Info    2020-07-23 17:58:26  DevID:LBAS-GE13-30C(00C02230244)  Source-Line:libMvCameraControl.so(CInterfaceManager.cpp-L5390)     Description:CamCtrl Display Thread Start, ThreadId[-1523468544]     Solution:
Info    2020-07-23 17:58:26  DevID:LBAS-GE13-30C(00C02230244)  Source-Line:libMvCameraControl.so(CInterfaceManager.cpp-L5564)     Description:CamCtrl RecvThread Start, ThreadId[-1515075840]     Solution:
Info    2020-07-23 17:58:26  DevID:LBAS-GE13-30C(00C02230244)  Source-Line:libMvCameraControl.so(CInterfaceManager.cpp-L1717)     Description:[MV_CC_StartGrabbing] return[0x0]     Solution:
Error   2020-07-23 17:58:30  DevID:LBAS-GE13-30C(00C02230244)  Source-Line:libMvCameraControl.so(CInterfaceManager.cpp-L1525)     Description:[MV_CC_StartGrabbing] return[0x80000003]     Solution:
Info    2020-07-23 17:58:59  DevID:LBAS-GE13-30C(00C02230244)  Source-Line:libMvCameraControl.so(CInterfaceManager.cpp-L0810)     Description:Current dynamic library path[/opt/LBAS/Samples_LinuxSDK/lib/64/libMvCameraControl.so]     Solution:
Info    2020-07-23 17:58:59  DevID:LBAS-GE13-30C(00C02230244)  Source-Line:libMvCameraControl.so(CInterfaceManager.cpp-L0814)     Description:[MV_CC_CreateHandle] return[0x0]     Solution:
Error   2020-07-23 17:59:07  DevID:LBAS-GE13-30C(00C02230244)  Source-Line:libMvCameraControl.so(CInterfaceManager.cpp-L4648)     Description:[MV_GIGE_ForceIpEx] IP[0xc0a80533], SubNetMask[0xffffff00], DefaultGateWay[0xc0a80501], return[0x80000204]     Solution:
Info    2020-07-23 17:59:16  DevID:LBAS-GE13-30C(00C02230244)  Source-Line:libMvCameraControl.so(CInterfaceManager.cpp-L0810)     Description:Current dynamic library path[/opt/LBAS/Samples_LinuxSDK/lib/64/libMvCameraControl.so]     Solution:
Info    2020-07-23 17:59:16  DevID:LBAS-GE13-30C(00C02230244)  Source-Line:libMvCameraControl.so(CInterfaceManager.cpp-L0814)     Description:[MV_CC_CreateHandle] return[0x0]     Solution:
Info    2020-07-23 17:59:17  DevID:LBAS-GE13-30C(00C02230244)  Source-Line:libMvCameraControl.so(CInterfaceManager.cpp-L4652)     Description:[MV_GIGE_ForceIpEx] IP[0xc0a80533], SubNetMask[0xffffff00], DefaultGateWay[0xc0a80501], return[0x0]     Solution:
Info    2020-07-23 17:59:17  DevID:LBAS-GE13-30C(00C02230244)  Source-Line:libMvCameraControl.so(CInterfaceManager.cpp-L0810)     Description:Current dynamic library path[/opt/LBAS/Samples_LinuxSDK/lib/64/libMvCameraControl.so]     Solution:
Info    2020-07-23 17:59:17  DevID:LBAS-GE13-30C(00C02230244)  Source-Line:libMvCameraControl.so(CInterfaceManager.cpp-L0814)     Description:[MV_CC_CreateHandle] return[0x0]     Solution:
Info    2020-07-23 17:59:17  DevID:LBAS-GE13-30C(00C02230244)  Source-Line:libMvCameraControl.so(CInterfaceManager.cpp-L0810)     Description:Current dynamic library path[/opt/LBAS/Samples_LinuxSDK/lib/64/libMvCameraControl.so]     Solution:
Info    2020-07-23 17:59:17  DevID:LBAS-GE13-30C(00C02230244)  Source-Line:libMvCameraControl.so(CInterfaceManager.cpp-L0814)     Description:[MV_CC_CreateHandle] return[0x0]     Solution:
Info    2020-07-23 17:59:17  DevID:LBAS-GE13-30C(00C02230244)  Source-Line:libMvCameraControl.so(CInterfaceManager.cpp-L5883)     Description:CamCtrl[0x3000006], GigE SDKVersion[0x3000006], DriverVersion[0x0]     Solution:
Info    2020-07-23 17:59:17  DevID:LBAS-GE13-30C(00C02230244)  Source-Line:libMvCameraControl.so(CInterfaceManager.cpp-L3992)     Description:[MV_CC_InvalidateNodes] return[0x0]     Solution:
Info    2020-07-23 17:59:17  DevID:LBAS-GE13-30C(00C02230244)  Source-Line:libMvCameraControl.so(CInterfaceManager.cpp-L1088)     Description:[MV_CC_OpenDevice] nPrivilegeMode[1], nSwitchoverKey[0], return[0x0]     Solution:
Info    2020-07-23 17:59:19  DevID:LBAS-GE13-30C(00C02230244)  Source-Line:libMvCameraControl.so(CInterfaceManager.cpp-L1591)     Description:GigE, DeviceModelName[LBAS-GE13-30C], DeviceFirmwareVersion[V2.5.0 170411,170322], DeviceMaxThroughput[763290000]     Solution:
Info    2020-07-23 17:59:19  DevID:LBAS-GE13-30C(00C02230244)  Source-Line:libMvCameraControl.so(CInterfaceManager.cpp-L1596)     Description:GigE, Width[1280], Height[960], OffsetX[0], OffsetY[0], PixelFormat[0x2100032], AcquisitionMode[2]     Solution:
Info    2020-07-23 17:59:19  DevID:LBAS-GE13-30C(00C02230244)  Source-Line:libMvCameraControl.so(CInterfaceManager.cpp-L1602)     Description:GigE, TriggerMode[0], ResultingFrameRate[30.00], ExposureTime[10000.00], ExposureAuto[0], PayloadSize[2457600]     Solution:
Info    2020-07-23 17:59:19  DevID:LBAS-GE13-30C(00C02230244)  Source-Line:libMvCameraControl.so(CInterfaceManager.cpp-L1607)     Description:GigE, GevLinkSpeed[1000], GevHeartbeatTimeout[3000], GevSCPSPacketSize[1500], GevSCPD[400]     Solution:
Info    2020-07-23 17:59:19  DevID:LBAS-GE13-30C(00C02230244)  Source-Line:libMvCameraControl.so(CInterfaceManager.cpp-L1712)     Description:There is no registration callback     Solution:
Info    2020-07-23 17:59:19  DevID:LBAS-GE13-30C(00C02230244)  Source-Line:libMvCameraControl.so(CInterfaceManager.cpp-L5564)     Description:CamCtrl RecvThread Start, ThreadId[2033301248]     Solution:
Info    2020-07-23 17:59:19  DevID:LBAS-GE13-30C(00C02230244)  Source-Line:libMvCameraControl.so(CInterfaceManager.cpp-L5390)     Description:CamCtrl Display Thread Start, ThreadId[2024908544]     Solution:
Info    2020-07-23 17:59:19  DevID:LBAS-GE13-30C(00C02230244)  Source-Line:libMvCameraControl.so(CInterfaceManager.cpp-L1717)     Description:[MV_CC_StartGrabbing] return[0x0]     Solution:
Info    2020-07-23 18:00:26  DevID:LBAS-GE13-30C(00C02230244)  Source-Line:libMvCameraControl.so(CInterfaceManager.cpp-L0810)     Description:Current dynamic library path[/opt/LBAS/Samples_LinuxSDK/lib/64/libMvCameraControl.so]     Solution:
Info    2020-07-23 18:00:26  DevID:LBAS-GE13-30C(00C02230244)  Source-Line:libMvCameraControl.so(CInterfaceManager.cpp-L0814)     Description:[MV_CC_CreateHandle] return[0x0]     Solution:
Error   2020-07-23 18:00:35  DevID:LBAS-GE13-30C(00C02230244)  Source-Line:libMvCameraControl.so(CInterfaceManager.cpp-L4648)     Description:[MV_GIGE_ForceIpEx] IP[0xc0a80533], SubNetMask[0xffffff00], DefaultGateWay[0xc0a80501], return[0x80000204]     Solution:
Info    2020-07-23 18:00:44  DevID:LBAS-GE13-30C(00C02230244)  Source-Line:libMvCameraControl.so(CInterfaceManager.cpp-L0810)     Description:Current dynamic library path[/opt/LBAS/Samples_LinuxSDK/lib/64/libMvCameraControl.so]     Solution:
Info    2020-07-23 18:00:44  DevID:LBAS-GE13-30C(00C02230244)  Source-Line:libMvCameraControl.so(CInterfaceManager.cpp-L0814)     Description:[MV_CC_CreateHandle] return[0x0]     Solution:
Info    2020-07-23 18:00:44  DevID:LBAS-GE13-30C(00C02230244)  Source-Line:libMvCameraControl.so(CInterfaceManager.cpp-L4652)     Description:[MV_GIGE_ForceIpEx] IP[0xc0a80533], SubNetMask[0xffffff00], DefaultGateWay[0xc0a80501], return[0x0]     Solution:
Info    2020-07-23 18:00:44  DevID:LBAS-GE13-30C(00C02230244)  Source-Line:libMvCameraControl.so(CInterfaceManager.cpp-L0810)     Description:Current dynamic library path[/opt/LBAS/Samples_LinuxSDK/lib/64/libMvCameraControl.so]     Solution:
Info    2020-07-23 18:00:44  DevID:LBAS-GE13-30C(00C02230244)  Source-Line:libMvCameraControl.so(CInterfaceManager.cpp-L0814)     Description:[MV_CC_CreateHandle] return[0x0]     Solution:
Info    2020-07-23 18:00:44  DevID:LBAS-GE13-30C(00C02230244)  Source-Line:libMvCameraControl.so(CInterfaceManager.cpp-L0810)     Description:Current dynamic library path[/opt/LBAS/Samples_LinuxSDK/lib/64/libMvCameraControl.so]     Solution:
Info    2020-07-23 18:00:44  DevID:LBAS-GE13-30C(00C02230244)  Source-Line:libMvCameraControl.so(CInterfaceManager.cpp-L0814)     Description:[MV_CC_CreateHandle] return[0x0]     Solution:
Info    2020-07-23 18:00:44  DevID:LBAS-GE13-30C(00C02230244)  Source-Line:libMvCameraControl.so(CInterfaceManager.cpp-L5883)     Description:CamCtrl[0x3000006], GigE SDKVersion[0x3000006], DriverVersion[0x0]     Solution:
Info    2020-07-23 18:00:45  DevID:LBAS-GE13-30C(00C02230244)  Source-Line:libMvCameraControl.so(CInterfaceManager.cpp-L3992)     Description:[MV_CC_InvalidateNodes] return[0x0]     Solution:
Info    2020-07-23 18:00:45  DevID:LBAS-GE13-30C(00C02230244)  Source-Line:libMvCameraControl.so(CInterfaceManager.cpp-L1088)     Description:[MV_CC_OpenDevice] nPrivilegeMode[1], nSwitchoverKey[0], return[0x0]     Solution:
Info    2020-07-23 18:00:46  DevID:LBAS-GE13-30C(00C02230244)  Source-Line:libMvCameraControl.so(CInterfaceManager.cpp-L1591)     Description:GigE, DeviceModelName[LBAS-GE13-30C], DeviceFirmwareVersion[V2.5.0 170411,170322], DeviceMaxThroughput[763290000]     Solution:
Info    2020-07-23 18:00:46  DevID:LBAS-GE13-30C(00C02230244)  Source-Line:libMvCameraControl.so(CInterfaceManager.cpp-L1596)     Description:GigE, Width[1280], Height[960], OffsetX[0], OffsetY[0], PixelFormat[0x2100032], AcquisitionMode[2]     Solution:
Info    2020-07-23 18:00:46  DevID:LBAS-GE13-30C(00C02230244)  Source-Line:libMvCameraControl.so(CInterfaceManager.cpp-L1602)     Description:GigE, TriggerMode[0], ResultingFrameRate[30.00], ExposureTime[10000.00], ExposureAuto[0], PayloadSize[2457600]     Solution:
Info    2020-07-23 18:00:46  DevID:LBAS-GE13-30C(00C02230244)  Source-Line:libMvCameraControl.so(CInterfaceManager.cpp-L1607)     Description:GigE, GevLinkSpeed[1000], GevHeartbeatTimeout[3000], GevSCPSPacketSize[1500], GevSCPD[400]     Solution:
Info    2020-07-23 18:00:46  DevID:LBAS-GE13-30C(00C02230244)  Source-Line:libMvCameraControl.so(CInterfaceManager.cpp-L1712)     Description:There is no registration callback     Solution:
Info    2020-07-23 18:00:46  DevID:LBAS-GE13-30C(00C02230244)  Source-Line:libMvCameraControl.so(CInterfaceManager.cpp-L5564)     Description:CamCtrl RecvThread Start, ThreadId[-835594496]     Solution:
Info    2020-07-23 18:00:46  DevID:LBAS-GE13-30C(00C02230244)  Source-Line:libMvCameraControl.so(CInterfaceManager.cpp-L5390)     Description:CamCtrl Display Thread Start, ThreadId[-843987200]     Solution:
Info    2020-07-23 18:00:46  DevID:LBAS-GE13-30C(00C02230244)  Source-Line:libMvCameraControl.so(CInterfaceManager.cpp-L1717)     Description:[MV_CC_StartGrabbing] return[0x0]     Solution:
Info    2020-07-23 18:00:48  DevID:LBAS-GE13-30C(00C02230244)  Source-Line:libMvCameraControl.so(CInterfaceManager.cpp-L1801)     Description:[StopGrabbing] return[0x0]     Solution:
Info    2020-07-23 18:00:48  DevID:LBAS-GE13-30C(00C02230244)  Source-Line:libMvCameraControl.so(CInterfaceManager.cpp-L5547)     Description:Display process exit     Solution:
Info    2020-07-23 18:00:48  DevID:LBAS-GE13-30C(00C02230244)  Source-Line:libMvCameraControl.so(CInterfaceManager.cpp-L5739)     Description:RecvThread Process Exit     Solution:
Info    2020-07-23 18:00:49  DevID:LBAS-GE13-30C(00C02230244)  Source-Line:libMvCameraControl.so(CInterfaceManager.cpp-L1169)     Description:[CloseDevice] return[0x0]     Solution:
Info    2020-07-23 18:00:49  DevID:LBAS-GE13-30C(00C02230244)  Source-Line:libMvCameraControl.so(CInterfaceManager.cpp-L0830)     Description:[MV_CC_DestroyHandle] return[0x0]     Solution:
