Info    2020-07-23 17:49:41  DevID:2(00C02230244)  Source-Line:libMVGigEVisionSDK.so(GigEVisionManager.cpp-L0200)     Description:Current dynamic library path[/opt/LBAS/Samples_LinuxSDK/lib/64/libMVGigEVisionSDK.so]     Solution:
Warning 2020-07-23 17:49:41  DevID:2(00C02230244)  Source-Line:libMVGigEVisionSDK.so(GigEVisionManager.cpp-L0286)     Description:Driver mode failed, DriverInstalled[0x80000002], DriverVersion[0x0]     Solution:
Info    2020-07-23 17:49:41  DevID:2(00C02230244)  Source-Line:libMVGigEVisionSDK.so(GigEVisionManager.cpp-L0287)     Description:Socket mode start!     Solution:
Info    2020-07-23 17:49:41  DevID:2(00C02230244)  Source-Line:libMVGigEVisionSDK.so(GigEVisionManager.cpp-L4853)     Description:TransmissionType[0x0], nRet[0x0], GvspSendIp[0x0], GvspSendPort[0], HostIp[0x0], HostPort[0]     Solution:
Info    2020-07-23 17:49:41  DevID:2(00C02230244)  Source-Line:libMVGigEVisionSDK.so(GigEVisionManager.cpp-L1093)     Description:Disconnect device     Solution:
Info    2020-07-23 17:49:41  DevID:LBAS-GE13-30C(00C02230244)  Source-Line:libMVGigEVisionSDK.so(GigEVisionManager.cpp-L0200)     Description:Current dynamic library path[/opt/LBAS/Samples_LinuxSDK/lib/64/libMVGigEVisionSDK.so]     Solution:
Warning 2020-07-23 17:49:41  DevID:LBAS-GE13-30C(00C02230244)  Source-Line:libMVGigEVisionSDK.so(GigEVisionManager.cpp-L0286)     Description:Driver mode failed, DriverInstalled[0x80000002], DriverVersion[0x0]     Solution:
Info    2020-07-23 17:49:41  DevID:LBAS-GE13-30C(00C02230244)  Source-Line:libMVGigEVisionSDK.so(GigEVisionManager.cpp-L0287)     Description:Socket mode start!     Solution:
Info    2020-07-23 17:49:41  DevID:LBAS-GE13-30C(00C02230244)  Source-Line:libMVGigEVisionSDK.so(GigEVisionManager.cpp-L1017)     Description:Connecting device, hostIP[0xc0a80563], hostPort[56561], devIP[0xc0a80433]     Solution:
Error   2020-07-23 17:49:42  DevID:LBAS-GE13-30C(00C02230244)  Source-Line:libMVGigEVisionSDK.so(GigEVisionGVCP.cpp-L1706)     Description:GVCP UDP_ReadnTimeout RequestTimeOut[500000], Len[0]!     Solution:
Error   2020-07-23 17:49:42  DevID:LBAS-GE13-30C(00C02230244)  Source-Line:libMVGigEVisionSDK.so(GigEVisionGVCP.cpp-L1706)     Description:GVCP UDP_ReadnTimeout RequestTimeOut[500000], Len[0]!     Solution:
Error   2020-07-23 17:49:42  DevID:LBAS-GE13-30C(00C02230244)  Source-Line:libMVGigEVisionSDK.so(GigEVisionManager.cpp-L1075)     Description:GVCP_GetAccessPrivilege [1][0x80000206]     Solution:
Error   2020-07-23 17:49:42  DevID:LBAS-GE13-30C(00C02230244)  Source-Line:libMVGigEVisionSDK.so(GigEVisionManager.cpp-L0930)     Description:Connect device failed! [0x80000206]     Solution:
Info    2020-07-23 17:49:42  DevID:LBAS-GE13-30C(00C02230244)  Source-Line:libMVGigEVisionSDK.so(GigEVisionManager.cpp-L4853)     Description:TransmissionType[0x0], nRet[0x0], GvspSendIp[0xc0a80563], GvspSendPort[56561], HostIp[0xc0a80563], HostPort[56561]     Solution:
Info    2020-07-23 17:49:42  DevID:LBAS-GE13-30C(00C02230244)  Source-Line:libMVGigEVisionSDK.so(GigEVisionManager.cpp-L1093)     Description:Disconnect device     Solution:
Info    2020-07-23 17:49:42  DevID:LBAS-GE13-30C(00C02230244)  Source-Line:libMVGigEVisionSDK.so(GigEVisionManager.cpp-L2246)     Description:AppGetCount[0], AppGetCountSucceed[0], NetRecv[0], ThrowAbnormalImage[0], NetLostFrame[0], ThrowInBufList[0], LostPackets[0]     Solution:
Error   2020-07-23 17:49:43  DevID:LBAS-GE13-30C(00C02230244)  Source-Line:libMVGigEVisionSDK.so(GigEVisionGVCP.cpp-L1706)     Description:GVCP UDP_ReadnTimeout RequestTimeOut[500000], Len[0]!     Solution:
Info    2020-07-23 17:52:25  DevID:2(00C02230244)  Source-Line:libMVGigEVisionSDK.so(GigEVisionManager.cpp-L0200)     Description:Current dynamic library path[/opt/LBAS/Samples_LinuxSDK/lib/64/libMVGigEVisionSDK.so]     Solution:
Warning 2020-07-23 17:52:25  DevID:2(00C02230244)  Source-Line:libMVGigEVisionSDK.so(GigEVisionManager.cpp-L0286)     Description:Driver mode failed, DriverInstalled[0x80000002], DriverVersion[0x0]     Solution:
Info    2020-07-23 17:52:25  DevID:2(00C02230244)  Source-Line:libMVGigEVisionSDK.so(GigEVisionManager.cpp-L0287)     Description:Socket mode start!     Solution:
Info    2020-07-23 17:52:25  DevID:2(00C02230244)  Source-Line:libMVGigEVisionSDK.so(GigEVisionManager.cpp-L4853)     Description:TransmissionType[0x0], nRet[0x0], GvspSendIp[0x0], GvspSendPort[0], HostIp[0x0], HostPort[0]     Solution:
Info    2020-07-23 17:52:25  DevID:2(00C02230244)  Source-Line:libMVGigEVisionSDK.so(GigEVisionManager.cpp-L1093)     Description:Disconnect device     Solution:
Info    2020-07-23 17:52:25  DevID:LBAS-GE13-30C(00C02230244)  Source-Line:libMVGigEVisionSDK.so(GigEVisionManager.cpp-L0200)     Description:Current dynamic library path[/opt/LBAS/Samples_LinuxSDK/lib/64/libMVGigEVisionSDK.so]     Solution:
Warning 2020-07-23 17:52:25  DevID:LBAS-GE13-30C(00C02230244)  Source-Line:libMVGigEVisionSDK.so(GigEVisionManager.cpp-L0286)     Description:Driver mode failed, DriverInstalled[0x80000002], DriverVersion[0x0]     Solution:
Info    2020-07-23 17:52:25  DevID:LBAS-GE13-30C(00C02230244)  Source-Line:libMVGigEVisionSDK.so(GigEVisionManager.cpp-L0287)     Description:Socket mode start!     Solution:
Info    2020-07-23 17:52:25  DevID:LBAS-GE13-30C(00C02230244)  Source-Line:libMVGigEVisionSDK.so(GigEVisionManager.cpp-L1017)     Description:Connecting device, hostIP[0xc0a80563], hostPort[49415], devIP[0xc0a80433]     Solution:
Error   2020-07-23 17:52:26  DevID:LBAS-GE13-30C(00C02230244)  Source-Line:libMVGigEVisionSDK.so(GigEVisionGVCP.cpp-L1706)     Description:GVCP UDP_ReadnTimeout RequestTimeOut[500000], Len[0]!     Solution:
Error   2020-07-23 17:52:26  DevID:LBAS-GE13-30C(00C02230244)  Source-Line:libMVGigEVisionSDK.so(GigEVisionGVCP.cpp-L1706)     Description:GVCP UDP_ReadnTimeout RequestTimeOut[500000], Len[0]!     Solution:
Error   2020-07-23 17:52:26  DevID:LBAS-GE13-30C(00C02230244)  Source-Line:libMVGigEVisionSDK.so(GigEVisionManager.cpp-L1075)     Description:GVCP_GetAccessPrivilege [1][0x80000206]     Solution:
Error   2020-07-23 17:52:26  DevID:LBAS-GE13-30C(00C02230244)  Source-Line:libMVGigEVisionSDK.so(GigEVisionManager.cpp-L0930)     Description:Connect device failed! [0x80000206]     Solution:
Info    2020-07-23 17:52:26  DevID:LBAS-GE13-30C(00C02230244)  Source-Line:libMVGigEVisionSDK.so(GigEVisionManager.cpp-L4853)     Description:TransmissionType[0x0], nRet[0x0], GvspSendIp[0xc0a80563], GvspSendPort[49415], HostIp[0xc0a80563], HostPort[49415]     Solution:
Info    2020-07-23 17:52:26  DevID:LBAS-GE13-30C(00C02230244)  Source-Line:libMVGigEVisionSDK.so(GigEVisionManager.cpp-L1093)     Description:Disconnect device     Solution:
Info    2020-07-23 17:52:26  DevID:LBAS-GE13-30C(00C02230244)  Source-Line:libMVGigEVisionSDK.so(GigEVisionManager.cpp-L2246)     Description:AppGetCount[0], AppGetCountSucceed[0], NetRecv[0], ThrowAbnormalImage[0], NetLostFrame[0], ThrowInBufList[0], LostPackets[0]     Solution:
Error   2020-07-23 17:52:27  DevID:LBAS-GE13-30C(00C02230244)  Source-Line:libMVGigEVisionSDK.so(GigEVisionGVCP.cpp-L1706)     Description:GVCP UDP_ReadnTimeout RequestTimeOut[500000], Len[0]!     Solution:
Info    2020-07-23 17:53:38  DevID:2(00C02230244)  Source-Line:libMVGigEVisionSDK.so(GigEVisionManager.cpp-L0200)     Description:Current dynamic library path[/opt/LBAS/Samples_LinuxSDK/lib/64/libMVGigEVisionSDK.so]     Solution:
Warning 2020-07-23 17:53:38  DevID:2(00C02230244)  Source-Line:libMVGigEVisionSDK.so(GigEVisionManager.cpp-L0286)     Description:Driver mode failed, DriverInstalled[0x80000002], DriverVersion[0x0]     Solution:
Info    2020-07-23 17:53:38  DevID:2(00C02230244)  Source-Line:libMVGigEVisionSDK.so(GigEVisionManager.cpp-L0287)     Description:Socket mode start!     Solution:
Info    2020-07-23 17:53:38  DevID:2(00C02230244)  Source-Line:libMVGigEVisionSDK.so(GigEVisionManager.cpp-L4853)     Description:TransmissionType[0x0], nRet[0x0], GvspSendIp[0x0], GvspSendPort[0], HostIp[0x0], HostPort[0]     Solution:
Info    2020-07-23 17:53:38  DevID:2(00C02230244)  Source-Line:libMVGigEVisionSDK.so(GigEVisionManager.cpp-L1093)     Description:Disconnect device     Solution:
Info    2020-07-23 17:53:38  DevID:LBAS-GE13-30C(00C02230244)  Source-Line:libMVGigEVisionSDK.so(GigEVisionManager.cpp-L0200)     Description:Current dynamic library path[/opt/LBAS/Samples_LinuxSDK/lib/64/libMVGigEVisionSDK.so]     Solution:
Warning 2020-07-23 17:53:38  DevID:LBAS-GE13-30C(00C02230244)  Source-Line:libMVGigEVisionSDK.so(GigEVisionManager.cpp-L0286)     Description:Driver mode failed, DriverInstalled[0x80000002], DriverVersion[0x0]     Solution:
Info    2020-07-23 17:53:38  DevID:LBAS-GE13-30C(00C02230244)  Source-Line:libMVGigEVisionSDK.so(GigEVisionManager.cpp-L0287)     Description:Socket mode start!     Solution:
Info    2020-07-23 17:53:38  DevID:LBAS-GE13-30C(00C02230244)  Source-Line:libMVGigEVisionSDK.so(GigEVisionManager.cpp-L1017)     Description:Connecting device, hostIP[0xc0a80563], hostPort[50476], devIP[0xc0a80433]     Solution:
Error   2020-07-23 17:53:39  DevID:LBAS-GE13-30C(00C02230244)  Source-Line:libMVGigEVisionSDK.so(GigEVisionGVCP.cpp-L1706)     Description:GVCP UDP_ReadnTimeout RequestTimeOut[500000], Len[0]!     Solution:
Error   2020-07-23 17:53:39  DevID:LBAS-GE13-30C(00C02230244)  Source-Line:libMVGigEVisionSDK.so(GigEVisionGVCP.cpp-L1706)     Description:GVCP UDP_ReadnTimeout RequestTimeOut[500000], Len[0]!     Solution:
Error   2020-07-23 17:53:39  DevID:LBAS-GE13-30C(00C02230244)  Source-Line:libMVGigEVisionSDK.so(GigEVisionManager.cpp-L1075)     Description:GVCP_GetAccessPrivilege [1][0x80000206]     Solution:
Error   2020-07-23 17:53:39  DevID:LBAS-GE13-30C(00C02230244)  Source-Line:libMVGigEVisionSDK.so(GigEVisionManager.cpp-L0930)     Description:Connect device failed! [0x80000206]     Solution:
Info    2020-07-23 17:53:39  DevID:LBAS-GE13-30C(00C02230244)  Source-Line:libMVGigEVisionSDK.so(GigEVisionManager.cpp-L4853)     Description:TransmissionType[0x0], nRet[0x0], GvspSendIp[0xc0a80563], GvspSendPort[50476], HostIp[0xc0a80563], HostPort[50476]     Solution:
Info    2020-07-23 17:53:39  DevID:LBAS-GE13-30C(00C02230244)  Source-Line:libMVGigEVisionSDK.so(GigEVisionManager.cpp-L1093)     Description:Disconnect device     Solution:
Info    2020-07-23 17:53:39  DevID:LBAS-GE13-30C(00C02230244)  Source-Line:libMVGigEVisionSDK.so(GigEVisionManager.cpp-L2246)     Description:AppGetCount[0], AppGetCountSucceed[0], NetRecv[0], ThrowAbnormalImage[0], NetLostFrame[0], ThrowInBufList[0], LostPackets[0]     Solution:
Error   2020-07-23 17:53:40  DevID:LBAS-GE13-30C(00C02230244)  Source-Line:libMVGigEVisionSDK.so(GigEVisionGVCP.cpp-L1706)     Description:GVCP UDP_ReadnTimeout RequestTimeOut[500000], Len[0]!     Solution:
Info    2020-07-23 17:55:56  DevID:2(00C02230244)  Source-Line:libMVGigEVisionSDK.so(GigEVisionManager.cpp-L0200)     Description:Current dynamic library path[/opt/LBAS/Samples_LinuxSDK/lib/64/libMVGigEVisionSDK.so]     Solution:
Warning 2020-07-23 17:55:56  DevID:2(00C02230244)  Source-Line:libMVGigEVisionSDK.so(GigEVisionManager.cpp-L0286)     Description:Driver mode failed, DriverInstalled[0x80000002], DriverVersion[0x0]     Solution:
Info    2020-07-23 17:55:56  DevID:2(00C02230244)  Source-Line:libMVGigEVisionSDK.so(GigEVisionManager.cpp-L0287)     Description:Socket mode start!     Solution:
Info    2020-07-23 17:55:56  DevID:2(00C02230244)  Source-Line:libMVGigEVisionSDK.so(GigEVisionManager.cpp-L4853)     Description:TransmissionType[0x0], nRet[0x0], GvspSendIp[0x0], GvspSendPort[0], HostIp[0x0], HostPort[0]     Solution:
Info    2020-07-23 17:55:56  DevID:2(00C02230244)  Source-Line:libMVGigEVisionSDK.so(GigEVisionManager.cpp-L1093)     Description:Disconnect device     Solution:
Info    2020-07-23 17:55:56  DevID:LBAS-GE13-30C(00C02230244)  Source-Line:libMVGigEVisionSDK.so(GigEVisionManager.cpp-L0200)     Description:Current dynamic library path[/opt/LBAS/Samples_LinuxSDK/lib/64/libMVGigEVisionSDK.so]     Solution:
Warning 2020-07-23 17:55:56  DevID:LBAS-GE13-30C(00C02230244)  Source-Line:libMVGigEVisionSDK.so(GigEVisionManager.cpp-L0286)     Description:Driver mode failed, DriverInstalled[0x80000002], DriverVersion[0x0]     Solution:
Info    2020-07-23 17:55:56  DevID:LBAS-GE13-30C(00C02230244)  Source-Line:libMVGigEVisionSDK.so(GigEVisionManager.cpp-L0287)     Description:Socket mode start!     Solution:
Info    2020-07-23 17:55:56  DevID:LBAS-GE13-30C(00C02230244)  Source-Line:libMVGigEVisionSDK.so(GigEVisionManager.cpp-L1017)     Description:Connecting device, hostIP[0xc0a80563], hostPort[51390], devIP[0xc0a80433]     Solution:
Error   2020-07-23 17:55:57  DevID:LBAS-GE13-30C(00C02230244)  Source-Line:libMVGigEVisionSDK.so(GigEVisionGVCP.cpp-L1706)     Description:GVCP UDP_ReadnTimeout RequestTimeOut[500000], Len[0]!     Solution:
Error   2020-07-23 17:55:57  DevID:LBAS-GE13-30C(00C02230244)  Source-Line:libMVGigEVisionSDK.so(GigEVisionGVCP.cpp-L1706)     Description:GVCP UDP_ReadnTimeout RequestTimeOut[500000], Len[0]!     Solution:
Error   2020-07-23 17:55:57  DevID:LBAS-GE13-30C(00C02230244)  Source-Line:libMVGigEVisionSDK.so(GigEVisionManager.cpp-L1075)     Description:GVCP_GetAccessPrivilege [1][0x80000206]     Solution:
Error   2020-07-23 17:55:57  DevID:LBAS-GE13-30C(00C02230244)  Source-Line:libMVGigEVisionSDK.so(GigEVisionManager.cpp-L0930)     Description:Connect device failed! [0x80000206]     Solution:
Info    2020-07-23 17:55:57  DevID:LBAS-GE13-30C(00C02230244)  Source-Line:libMVGigEVisionSDK.so(GigEVisionManager.cpp-L4853)     Description:TransmissionType[0x0], nRet[0x0], GvspSendIp[0xc0a80563], GvspSendPort[51390], HostIp[0xc0a80563], HostPort[51390]     Solution:
Info    2020-07-23 17:55:57  DevID:LBAS-GE13-30C(00C02230244)  Source-Line:libMVGigEVisionSDK.so(GigEVisionManager.cpp-L1093)     Description:Disconnect device     Solution:
Info    2020-07-23 17:55:57  DevID:LBAS-GE13-30C(00C02230244)  Source-Line:libMVGigEVisionSDK.so(GigEVisionManager.cpp-L2246)     Description:AppGetCount[0], AppGetCountSucceed[0], NetRecv[0], ThrowAbnormalImage[0], NetLostFrame[0], ThrowInBufList[0], LostPackets[0]     Solution:
Error   2020-07-23 17:55:58  DevID:LBAS-GE13-30C(00C02230244)  Source-Line:libMVGigEVisionSDK.so(GigEVisionGVCP.cpp-L1706)     Description:GVCP UDP_ReadnTimeout RequestTimeOut[500000], Len[0]!     Solution:
Info    2020-07-23 17:57:37  DevID:2(00C02230244)  Source-Line:libMVGigEVisionSDK.so(GigEVisionManager.cpp-L0200)     Description:Current dynamic library path[/opt/LBAS/Samples_LinuxSDK/lib/64/libMVGigEVisionSDK.so]     Solution:
Warning 2020-07-23 17:57:37  DevID:2(00C02230244)  Source-Line:libMVGigEVisionSDK.so(GigEVisionManager.cpp-L0286)     Description:Driver mode failed, DriverInstalled[0x80000002], DriverVersion[0x0]     Solution:
Info    2020-07-23 17:57:37  DevID:2(00C02230244)  Source-Line:libMVGigEVisionSDK.so(GigEVisionManager.cpp-L0287)     Description:Socket mode start!     Solution:
Info    2020-07-23 17:57:37  DevID:2(00C02230244)  Source-Line:libMVGigEVisionSDK.so(GigEVisionManager.cpp-L4853)     Description:TransmissionType[0x0], nRet[0x0], GvspSendIp[0x0], GvspSendPort[0], HostIp[0x0], HostPort[0]     Solution:
Info    2020-07-23 17:57:37  DevID:2(00C02230244)  Source-Line:libMVGigEVisionSDK.so(GigEVisionManager.cpp-L1093)     Description:Disconnect device     Solution:
Info    2020-07-23 17:57:37  DevID:LBAS-GE13-30C(00C02230244)  Source-Line:libMVGigEVisionSDK.so(GigEVisionManager.cpp-L0200)     Description:Current dynamic library path[/opt/LBAS/Samples_LinuxSDK/lib/64/libMVGigEVisionSDK.so]     Solution:
Warning 2020-07-23 17:57:37  DevID:LBAS-GE13-30C(00C02230244)  Source-Line:libMVGigEVisionSDK.so(GigEVisionManager.cpp-L0286)     Description:Driver mode failed, DriverInstalled[0x80000002], DriverVersion[0x0]     Solution:
Info    2020-07-23 17:57:37  DevID:LBAS-GE13-30C(00C02230244)  Source-Line:libMVGigEVisionSDK.so(GigEVisionManager.cpp-L0287)     Description:Socket mode start!     Solution:
Info    2020-07-23 17:57:37  DevID:LBAS-GE13-30C(00C02230244)  Source-Line:libMVGigEVisionSDK.so(GigEVisionManager.cpp-L1017)     Description:Connecting device, hostIP[0xc0a80563], hostPort[41366], devIP[0xc0a80533]     Solution:
Info    2020-07-23 17:57:40  DevID:LBAS-GE13-30C(00C02230244)  Source-Line:libMVGigEVisionSDK.so(GigEVisionManager.cpp-L2514)     Description:GigE StreamInterEventThread Start, ThreadId[-1162746112]     Solution:
Info    2020-07-23 17:57:40  DevID:LBAS-GE13-30C(00C02230244)  Source-Line:libMVGigEVisionSDK.so(GigEVisionGVSP.cpp-L0597)     Description:GVSP GVSPThread Start, ThreadId[-1154353408]     Solution:
Info    2020-07-23 17:58:07  DevID:2(00C02230244)  Source-Line:libMVGigEVisionSDK.so(GigEVisionManager.cpp-L0200)     Description:Current dynamic library path[/opt/LBAS/Samples_LinuxSDK/lib/64/libMVGigEVisionSDK.so]     Solution:
Warning 2020-07-23 17:58:07  DevID:2(00C02230244)  Source-Line:libMVGigEVisionSDK.so(GigEVisionManager.cpp-L0286)     Description:Driver mode failed, DriverInstalled[0x80000002], DriverVersion[0x0]     Solution:
Info    2020-07-23 17:58:07  DevID:2(00C02230244)  Source-Line:libMVGigEVisionSDK.so(GigEVisionManager.cpp-L0287)     Description:Socket mode start!     Solution:
Info    2020-07-23 17:58:15  DevID:2(00C02230244)  Source-Line:libMVGigEVisionSDK.so(GigEVisionManager.cpp-L4853)     Description:TransmissionType[0x0], nRet[0x0], GvspSendIp[0x0], GvspSendPort[0], HostIp[0x0], HostPort[0]     Solution:
Info    2020-07-23 17:58:15  DevID:2(00C02230244)  Source-Line:libMVGigEVisionSDK.so(GigEVisionManager.cpp-L1093)     Description:Disconnect device     Solution:
Error   2020-07-23 17:58:15  DevID:2(00C02230244)  Source-Line:libMVGigEVisionSDK.so(NetUDP.cpp-L0795)     Description:sendto errror! , preSend[4], actually send[-1]     Solution:
Info    2020-07-23 17:58:15  DevID:2(00C02230244)  Source-Line:libMVGigEVisionSDK.so(GigEVisionManager.cpp-L2246)     Description:AppGetCount[0], AppGetCountSucceed[0], NetRecv[0], ThrowAbnormalImage[0], NetLostFrame[0], ThrowInBufList[0], LostPackets[0]     Solution:
Error   2020-07-23 17:58:15  DevID:2(00C02230244)  Source-Line:libMVGigEVisionSDK.so(GigEVisionGVCP.cpp-L1675)     Description:GVCP UDP_Writen send len[16], IP[0x0], Port[0], return[-1]!     Solution:
Error   2020-07-23 17:58:15  DevID:2(00C02230244)  Source-Line:libMVGigEVisionSDK.so(GigEVisionGVCP.cpp-L1675)     Description:GVCP UDP_Writen send len[16], IP[0x0], Port[0], return[-1]!     Solution:
Info    2020-07-23 17:58:24  DevID:2(00C02230244)  Source-Line:libMVGigEVisionSDK.so(GigEVisionManager.cpp-L0200)     Description:Current dynamic library path[/opt/LBAS/Samples_LinuxSDK/lib/64/libMVGigEVisionSDK.so]     Solution:
Warning 2020-07-23 17:58:24  DevID:2(00C02230244)  Source-Line:libMVGigEVisionSDK.so(GigEVisionManager.cpp-L0286)     Description:Driver mode failed, DriverInstalled[0x80000002], DriverVersion[0x0]     Solution:
Info    2020-07-23 17:58:24  DevID:2(00C02230244)  Source-Line:libMVGigEVisionSDK.so(GigEVisionManager.cpp-L0287)     Description:Socket mode start!     Solution:
Info    2020-07-23 17:58:24  DevID:2(00C02230244)  Source-Line:libMVGigEVisionSDK.so(GigEVisionManager.cpp-L4853)     Description:TransmissionType[0x0], nRet[0x0], GvspSendIp[0x0], GvspSendPort[0], HostIp[0x0], HostPort[0]     Solution:
Info    2020-07-23 17:58:24  DevID:2(00C02230244)  Source-Line:libMVGigEVisionSDK.so(GigEVisionManager.cpp-L1093)     Description:Disconnect device     Solution:
Info    2020-07-23 17:58:24  DevID:LBAS-GE13-30C(00C02230244)  Source-Line:libMVGigEVisionSDK.so(GigEVisionManager.cpp-L0200)     Description:Current dynamic library path[/opt/LBAS/Samples_LinuxSDK/lib/64/libMVGigEVisionSDK.so]     Solution:
Warning 2020-07-23 17:58:24  DevID:LBAS-GE13-30C(00C02230244)  Source-Line:libMVGigEVisionSDK.so(GigEVisionManager.cpp-L0286)     Description:Driver mode failed, DriverInstalled[0x80000002], DriverVersion[0x0]     Solution:
Info    2020-07-23 17:58:24  DevID:LBAS-GE13-30C(00C02230244)  Source-Line:libMVGigEVisionSDK.so(GigEVisionManager.cpp-L0287)     Description:Socket mode start!     Solution:
Info    2020-07-23 17:58:24  DevID:LBAS-GE13-30C(00C02230244)  Source-Line:libMVGigEVisionSDK.so(GigEVisionManager.cpp-L1017)     Description:Connecting device, hostIP[0xc0a80563], hostPort[55098], devIP[0xc0a80533]     Solution:
Info    2020-07-23 17:58:26  DevID:LBAS-GE13-30C(00C02230244)  Source-Line:libMVGigEVisionSDK.so(GigEVisionManager.cpp-L2514)     Description:GigE StreamInterEventThread Start, ThreadId[-1506683136]     Solution:
Info    2020-07-23 17:58:26  DevID:LBAS-GE13-30C(00C02230244)  Source-Line:libMVGigEVisionSDK.so(GigEVisionGVSP.cpp-L0597)     Description:GVSP GVSPThread Start, ThreadId[-1498290432]     Solution:
Info    2020-07-23 17:58:59  DevID:2(00C02230244)  Source-Line:libMVGigEVisionSDK.so(GigEVisionManager.cpp-L0200)     Description:Current dynamic library path[/opt/LBAS/Samples_LinuxSDK/lib/64/libMVGigEVisionSDK.so]     Solution:
Warning 2020-07-23 17:58:59  DevID:2(00C02230244)  Source-Line:libMVGigEVisionSDK.so(GigEVisionManager.cpp-L0286)     Description:Driver mode failed, DriverInstalled[0x80000002], DriverVersion[0x0]     Solution:
Info    2020-07-23 17:58:59  DevID:2(00C02230244)  Source-Line:libMVGigEVisionSDK.so(GigEVisionManager.cpp-L0287)     Description:Socket mode start!     Solution:
Info    2020-07-23 17:59:07  DevID:2(00C02230244)  Source-Line:libMVGigEVisionSDK.so(GigEVisionManager.cpp-L4853)     Description:TransmissionType[0x0], nRet[0x0], GvspSendIp[0x0], GvspSendPort[0], HostIp[0x0], HostPort[0]     Solution:
Info    2020-07-23 17:59:07  DevID:2(00C02230244)  Source-Line:libMVGigEVisionSDK.so(GigEVisionManager.cpp-L1093)     Description:Disconnect device     Solution:
Info    2020-07-23 17:59:16  DevID:2(00C02230244)  Source-Line:libMVGigEVisionSDK.so(GigEVisionManager.cpp-L0200)     Description:Current dynamic library path[/opt/LBAS/Samples_LinuxSDK/lib/64/libMVGigEVisionSDK.so]     Solution:
Warning 2020-07-23 17:59:16  DevID:2(00C02230244)  Source-Line:libMVGigEVisionSDK.so(GigEVisionManager.cpp-L0286)     Description:Driver mode failed, DriverInstalled[0x80000002], DriverVersion[0x0]     Solution:
Info    2020-07-23 17:59:16  DevID:2(00C02230244)  Source-Line:libMVGigEVisionSDK.so(GigEVisionManager.cpp-L0287)     Description:Socket mode start!     Solution:
Info    2020-07-23 17:59:17  DevID:2(00C02230244)  Source-Line:libMVGigEVisionSDK.so(GigEVisionManager.cpp-L4853)     Description:TransmissionType[0x0], nRet[0x0], GvspSendIp[0x0], GvspSendPort[0], HostIp[0x0], HostPort[0]     Solution:
Info    2020-07-23 17:59:17  DevID:2(00C02230244)  Source-Line:libMVGigEVisionSDK.so(GigEVisionManager.cpp-L1093)     Description:Disconnect device     Solution:
Info    2020-07-23 17:59:17  DevID:LBAS-GE13-30C(00C02230244)  Source-Line:libMVGigEVisionSDK.so(GigEVisionManager.cpp-L0200)     Description:Current dynamic library path[/opt/LBAS/Samples_LinuxSDK/lib/64/libMVGigEVisionSDK.so]     Solution:
Warning 2020-07-23 17:59:17  DevID:LBAS-GE13-30C(00C02230244)  Source-Line:libMVGigEVisionSDK.so(GigEVisionManager.cpp-L0286)     Description:Driver mode failed, DriverInstalled[0x80000002], DriverVersion[0x0]     Solution:
Info    2020-07-23 17:59:17  DevID:LBAS-GE13-30C(00C02230244)  Source-Line:libMVGigEVisionSDK.so(GigEVisionManager.cpp-L0287)     Description:Socket mode start!     Solution:
Info    2020-07-23 17:59:17  DevID:LBAS-GE13-30C(00C02230244)  Source-Line:libMVGigEVisionSDK.so(GigEVisionManager.cpp-L1017)     Description:Connecting device, hostIP[0xc0a80563], hostPort[49303], devIP[0xc0a80533]     Solution:
Info    2020-07-23 17:59:19  DevID:LBAS-GE13-30C(00C02230244)  Source-Line:libMVGigEVisionSDK.so(GigEVisionGVSP.cpp-L0597)     Description:GVSP GVSPThread Start, ThreadId[2050086656]     Solution:
Info    2020-07-23 17:59:19  DevID:LBAS-GE13-30C(00C02230244)  Source-Line:libMVGigEVisionSDK.so(GigEVisionManager.cpp-L2514)     Description:GigE StreamInterEventThread Start, ThreadId[2041693952]     Solution:
Info    2020-07-23 18:00:27  DevID:2(00C02230244)  Source-Line:libMVGigEVisionSDK.so(GigEVisionManager.cpp-L0200)     Description:Current dynamic library path[/opt/LBAS/Samples_LinuxSDK/lib/64/libMVGigEVisionSDK.so]     Solution:
Warning 2020-07-23 18:00:27  DevID:2(00C02230244)  Source-Line:libMVGigEVisionSDK.so(GigEVisionManager.cpp-L0286)     Description:Driver mode failed, DriverInstalled[0x80000002], DriverVersion[0x0]     Solution:
Info    2020-07-23 18:00:27  DevID:2(00C02230244)  Source-Line:libMVGigEVisionSDK.so(GigEVisionManager.cpp-L0287)     Description:Socket mode start!     Solution:
Info    2020-07-23 18:00:35  DevID:2(00C02230244)  Source-Line:libMVGigEVisionSDK.so(GigEVisionManager.cpp-L4853)     Description:TransmissionType[0x0], nRet[0x0], GvspSendIp[0x0], GvspSendPort[0], HostIp[0x0], HostPort[0]     Solution:
Info    2020-07-23 18:00:35  DevID:2(00C02230244)  Source-Line:libMVGigEVisionSDK.so(GigEVisionManager.cpp-L1093)     Description:Disconnect device     Solution:
Info    2020-07-23 18:00:44  DevID:2(00C02230244)  Source-Line:libMVGigEVisionSDK.so(GigEVisionManager.cpp-L0200)     Description:Current dynamic library path[/opt/LBAS/Samples_LinuxSDK/lib/64/libMVGigEVisionSDK.so]     Solution:
Warning 2020-07-23 18:00:44  DevID:2(00C02230244)  Source-Line:libMVGigEVisionSDK.so(GigEVisionManager.cpp-L0286)     Description:Driver mode failed, DriverInstalled[0x80000002], DriverVersion[0x0]     Solution:
Info    2020-07-23 18:00:44  DevID:2(00C02230244)  Source-Line:libMVGigEVisionSDK.so(GigEVisionManager.cpp-L0287)     Description:Socket mode start!     Solution:
Info    2020-07-23 18:00:44  DevID:2(00C02230244)  Source-Line:libMVGigEVisionSDK.so(GigEVisionManager.cpp-L4853)     Description:TransmissionType[0x0], nRet[0x0], GvspSendIp[0x0], GvspSendPort[0], HostIp[0x0], HostPort[0]     Solution:
Info    2020-07-23 18:00:44  DevID:2(00C02230244)  Source-Line:libMVGigEVisionSDK.so(GigEVisionManager.cpp-L1093)     Description:Disconnect device     Solution:
Info    2020-07-23 18:00:44  DevID:LBAS-GE13-30C(00C02230244)  Source-Line:libMVGigEVisionSDK.so(GigEVisionManager.cpp-L0200)     Description:Current dynamic library path[/opt/LBAS/Samples_LinuxSDK/lib/64/libMVGigEVisionSDK.so]     Solution:
Warning 2020-07-23 18:00:44  DevID:LBAS-GE13-30C(00C02230244)  Source-Line:libMVGigEVisionSDK.so(GigEVisionManager.cpp-L0286)     Description:Driver mode failed, DriverInstalled[0x80000002], DriverVersion[0x0]     Solution:
Info    2020-07-23 18:00:44  DevID:LBAS-GE13-30C(00C02230244)  Source-Line:libMVGigEVisionSDK.so(GigEVisionManager.cpp-L0287)     Description:Socket mode start!     Solution:
Info    2020-07-23 18:00:44  DevID:LBAS-GE13-30C(00C02230244)  Source-Line:libMVGigEVisionSDK.so(GigEVisionManager.cpp-L1017)     Description:Connecting device, hostIP[0xc0a80563], hostPort[53079], devIP[0xc0a80533]     Solution:
Info    2020-07-23 18:00:46  DevID:LBAS-GE13-30C(00C02230244)  Source-Line:libMVGigEVisionSDK.so(GigEVisionGVSP.cpp-L0597)     Description:GVSP GVSPThread Start, ThreadId[-818809088]     Solution:
Info    2020-07-23 18:00:46  DevID:LBAS-GE13-30C(00C02230244)  Source-Line:libMVGigEVisionSDK.so(GigEVisionManager.cpp-L2514)     Description:GigE StreamInterEventThread Start, ThreadId[-827201792]     Solution:
Info    2020-07-23 18:00:48  DevID:LBAS-GE13-30C(00C02230244)  Source-Line:libMVGigEVisionSDK.so(GigEVisionManager.cpp-L2692)     Description:GigE StreamInterEvent thread stop     Solution:
Info    2020-07-23 18:00:48  DevID:LBAS-GE13-30C(00C02230244)  Source-Line:libMVGigEVisionSDK.so(GigEVisionGVSP.cpp-L0658)     Description:GVSP recv thread stop     Solution:
Info    2020-07-23 18:00:48  DevID:LBAS-GE13-30C(00C02230244)  Source-Line:libMVGigEVisionSDK.so(GigEVisionManager.cpp-L2246)     Description:AppGetCount[14], AppGetCountSucceed[14], NetRecv[42], ThrowAbnormalImage[0], NetLostFrame[0], ThrowInBufList[27], LostPackets[0]     Solution:
Info    2020-07-23 18:00:48  DevID:LBAS-GE13-30C(00C02230244)  Source-Line:libMVGigEVisionSDK.so(GigEVisionManager.cpp-L2246)     Description:AppGetCount[14], AppGetCountSucceed[14], NetRecv[42], ThrowAbnormalImage[0], NetLostFrame[0], ThrowInBufList[27], LostPackets[0]     Solution:
Info    2020-07-23 18:00:48  DevID:LBAS-GE13-30C(00C02230244)  Source-Line:libMVGigEVisionSDK.so(GigEVisionManager.cpp-L4853)     Description:TransmissionType[0x0], nRet[0x0], GvspSendIp[0xc0a80563], GvspSendPort[53079], HostIp[0xc0a80563], HostPort[53079]     Solution:
Info    2020-07-23 18:00:48  DevID:LBAS-GE13-30C(00C02230244)  Source-Line:libMVGigEVisionSDK.so(GigEVisionManager.cpp-L1093)     Description:Disconnect device     Solution:
Info    2020-07-23 18:00:48  DevID:LBAS-GE13-30C(00C02230244)  Source-Line:libMVGigEVisionSDK.so(GigEVisionManager.cpp-L2246)     Description:AppGetCount[14], AppGetCountSucceed[14], NetRecv[42], ThrowAbnormalImage[0], NetLostFrame[0], ThrowInBufList[27], LostPackets[0]     Solution:
Info    2020-07-23 18:00:49  DevID:LBAS-GE13-30C(00C02230244)  Source-Line:libMVGigEVisionSDK.so(GigEVisionGVSP.cpp-L0715)     Description:NearBID[0], LastBID[0], output[0]     Solution:
