Info    2020-07-16 13:34:14  DevID:LBAS-GE13-30C(00C02230243)  Source-Line:libMvCameraControl.so(CInterfaceManager.cpp-L0810)     Description:Current dynamic library path[/opt/LBAS/Samples_LinuxSDK/lib/64/libMvCameraControl.so]     Solution:
Info    2020-07-16 13:34:14  DevID:LBAS-GE13-30C(00C02230243)  Source-Line:libMvCameraControl.so(CInterfaceManager.cpp-L0814)     Description:[MV_CC_CreateHandle] return[0x0]     Solution:
Info    2020-07-16 13:34:14  DevID:LBAS-GE13-30C(00C02230243)  Source-Line:libMvCameraControl.so(CInterfaceManager.cpp-L4652)     Description:[MV_GIGE_ForceIpEx] IP[0xc0a80533], SubNetMask[0xffffff00], DefaultGateWay[0xc0a80501], return[0x0]     Solution:
Info    2020-07-16 13:34:14  DevID:LBAS-GE13-30C(00C02230243)  Source-Line:libMvCameraControl.so(CInterfaceManager.cpp-L0810)     Description:Current dynamic library path[/opt/LBAS/Samples_LinuxSDK/lib/64/libMvCameraControl.so]     Solution:
Info    2020-07-16 13:34:14  DevID:LBAS-GE13-30C(00C02230243)  Source-Line:libMvCameraControl.so(CInterfaceManager.cpp-L0814)     Description:[MV_CC_CreateHandle] return[0x0]     Solution:
Info    2020-07-16 13:34:14  DevID:LBAS-GE13-30C(00C02230243)  Source-Line:libMvCameraControl.so(CInterfaceManager.cpp-L0810)     Description:Current dynamic library path[/opt/LBAS/Samples_LinuxSDK/lib/64/libMvCameraControl.so]     Solution:
Info    2020-07-16 13:34:14  DevID:LBAS-GE13-30C(00C02230243)  Source-Line:libMvCameraControl.so(CInterfaceManager.cpp-L0814)     Description:[MV_CC_CreateHandle] return[0x0]     Solution:
Info    2020-07-16 13:34:14  DevID:LBAS-GE13-30C(00C02230243)  Source-Line:libMvCameraControl.so(CInterfaceManager.cpp-L5883)     Description:CamCtrl[0x3000006], GigE SDKVersion[0x3000006], DriverVersion[0x0]     Solution:
Info    2020-07-16 13:34:15  DevID:LBAS-GE13-30C(00C02230243)  Source-Line:libMvCameraControl.so(CInterfaceManager.cpp-L3992)     Description:[MV_CC_InvalidateNodes] return[0x0]     Solution:
Info    2020-07-16 13:34:15  DevID:LBAS-GE13-30C(00C02230243)  Source-Line:libMvCameraControl.so(CInterfaceManager.cpp-L1088)     Description:[MV_CC_OpenDevice] nPrivilegeMode[1], nSwitchoverKey[0], return[0x0]     Solution:
Info    2020-07-16 13:34:18  DevID:LBAS-GE13-30C(00C02230243)  Source-Line:libMvCameraControl.so(CInterfaceManager.cpp-L1591)     Description:GigE, DeviceModelName[LBAS-GE13-30C], DeviceFirmwareVersion[V2.8.4 180102,171221], DeviceMaxThroughput[745405]     Solution:
Info    2020-07-16 13:34:18  DevID:LBAS-GE13-30C(00C02230243)  Source-Line:libMvCameraControl.so(CInterfaceManager.cpp-L1596)     Description:GigE, Width[1280], Height[960], OffsetX[0], OffsetY[0], PixelFormat[0x2100032], AcquisitionMode[2]     Solution:
Info    2020-07-16 13:34:18  DevID:LBAS-GE13-30C(00C02230243)  Source-Line:libMvCameraControl.so(CInterfaceManager.cpp-L1602)     Description:GigE, TriggerMode[0], ResultingFrameRate[30.00], ExposureTime[10000.00], ExposureAuto[0], PayloadSize[2457600]     Solution:
Info    2020-07-16 13:34:18  DevID:LBAS-GE13-30C(00C02230243)  Source-Line:libMvCameraControl.so(CInterfaceManager.cpp-L1607)     Description:GigE, GevLinkSpeed[1000], GevHeartbeatTimeout[3000], GevSCPSPacketSize[1500], GevSCPD[400]     Solution:
Info    2020-07-16 13:34:18  DevID:LBAS-GE13-30C(00C02230243)  Source-Line:libMvCameraControl.so(CInterfaceManager.cpp-L1712)     Description:There is no registration callback     Solution:
Info    2020-07-16 13:34:18  DevID:LBAS-GE13-30C(00C02230243)  Source-Line:libMvCameraControl.so(CInterfaceManager.cpp-L5564)     Description:CamCtrl RecvThread Start, ThreadId[1096218368]     Solution:
Info    2020-07-16 13:34:18  DevID:LBAS-GE13-30C(00C02230243)  Source-Line:libMvCameraControl.so(CInterfaceManager.cpp-L5390)     Description:CamCtrl Display Thread Start, ThreadId[1087825664]     Solution:
Info    2020-07-16 13:34:18  DevID:LBAS-GE13-30C(00C02230243)  Source-Line:libMvCameraControl.so(CInterfaceManager.cpp-L1717)     Description:[MV_CC_StartGrabbing] return[0x0]     Solution:
Info    2020-07-16 13:41:44  DevID:LBAS-GE13-30C(00C02230243)  Source-Line:libMvCameraControl.so(CInterfaceManager.cpp-L0810)     Description:Current dynamic library path[/opt/LBAS/Samples_LinuxSDK/lib/64/libMvCameraControl.so]     Solution:
Info    2020-07-16 13:41:44  DevID:LBAS-GE13-30C(00C02230243)  Source-Line:libMvCameraControl.so(CInterfaceManager.cpp-L0814)     Description:[MV_CC_CreateHandle] return[0x0]     Solution:
Info    2020-07-16 13:41:44  DevID:LBAS-GE13-30C(00C02230243)  Source-Line:libMvCameraControl.so(CInterfaceManager.cpp-L4652)     Description:[MV_GIGE_ForceIpEx] IP[0xc0a80533], SubNetMask[0xffffff00], DefaultGateWay[0xc0a80501], return[0x0]     Solution:
Info    2020-07-16 13:41:44  DevID:LBAS-GE13-30C(00C02230243)  Source-Line:libMvCameraControl.so(CInterfaceManager.cpp-L0810)     Description:Current dynamic library path[/opt/LBAS/Samples_LinuxSDK/lib/64/libMvCameraControl.so]     Solution:
Info    2020-07-16 13:41:44  DevID:LBAS-GE13-30C(00C02230243)  Source-Line:libMvCameraControl.so(CInterfaceManager.cpp-L0814)     Description:[MV_CC_CreateHandle] return[0x0]     Solution:
Info    2020-07-16 13:41:44  DevID:LBAS-GE13-30C(00C02230243)  Source-Line:libMvCameraControl.so(CInterfaceManager.cpp-L0810)     Description:Current dynamic library path[/opt/LBAS/Samples_LinuxSDK/lib/64/libMvCameraControl.so]     Solution:
Info    2020-07-16 13:41:44  DevID:LBAS-GE13-30C(00C02230243)  Source-Line:libMvCameraControl.so(CInterfaceManager.cpp-L0814)     Description:[MV_CC_CreateHandle] return[0x0]     Solution:
Info    2020-07-16 13:41:44  DevID:LBAS-GE13-30C(00C02230243)  Source-Line:libMvCameraControl.so(CInterfaceManager.cpp-L5883)     Description:CamCtrl[0x3000006], GigE SDKVersion[0x3000006], DriverVersion[0x0]     Solution:
Info    2020-07-16 13:41:45  DevID:LBAS-GE13-30C(00C02230243)  Source-Line:libMvCameraControl.so(CInterfaceManager.cpp-L3992)     Description:[MV_CC_InvalidateNodes] return[0x0]     Solution:
Info    2020-07-16 13:41:45  DevID:LBAS-GE13-30C(00C02230243)  Source-Line:libMvCameraControl.so(CInterfaceManager.cpp-L1088)     Description:[MV_CC_OpenDevice] nPrivilegeMode[1], nSwitchoverKey[0], return[0x0]     Solution:
Info    2020-07-16 13:41:50  DevID:LBAS-GE13-30C(00C02230243)  Source-Line:libMvCameraControl.so(CInterfaceManager.cpp-L1591)     Description:GigE, DeviceModelName[LBAS-GE13-30C], DeviceFirmwareVersion[V2.8.4 180102,171221], DeviceMaxThroughput[745405]     Solution:
Info    2020-07-16 13:41:50  DevID:LBAS-GE13-30C(00C02230243)  Source-Line:libMvCameraControl.so(CInterfaceManager.cpp-L1596)     Description:GigE, Width[1280], Height[960], OffsetX[0], OffsetY[0], PixelFormat[0x2100032], AcquisitionMode[2]     Solution:
Info    2020-07-16 13:41:50  DevID:LBAS-GE13-30C(00C02230243)  Source-Line:libMvCameraControl.so(CInterfaceManager.cpp-L1602)     Description:GigE, TriggerMode[0], ResultingFrameRate[30.00], ExposureTime[10000.00], ExposureAuto[0], PayloadSize[2457600]     Solution:
Info    2020-07-16 13:41:50  DevID:LBAS-GE13-30C(00C02230243)  Source-Line:libMvCameraControl.so(CInterfaceManager.cpp-L1607)     Description:GigE, GevLinkSpeed[1000], GevHeartbeatTimeout[3000], GevSCPSPacketSize[1500], GevSCPD[400]     Solution:
Info    2020-07-16 13:41:50  DevID:LBAS-GE13-30C(00C02230243)  Source-Line:libMvCameraControl.so(CInterfaceManager.cpp-L5564)     Description:CamCtrl RecvThread Start, ThreadId[-380176640]     Solution:
Info    2020-07-16 13:41:50  DevID:LBAS-GE13-30C(00C02230243)  Source-Line:libMvCameraControl.so(CInterfaceManager.cpp-L1712)     Description:There is no registration callback     Solution:
Info    2020-07-16 13:41:50  DevID:LBAS-GE13-30C(00C02230243)  Source-Line:libMvCameraControl.so(CInterfaceManager.cpp-L5390)     Description:CamCtrl Display Thread Start, ThreadId[-388569344]     Solution:
Info    2020-07-16 13:41:50  DevID:LBAS-GE13-30C(00C02230243)  Source-Line:libMvCameraControl.so(CInterfaceManager.cpp-L1717)     Description:[MV_CC_StartGrabbing] return[0x0]     Solution:
Warning 2020-07-16 13:41:50  DevID:LBAS-GE13-30C(00C02230243)  Source-Line:libMvCameraControl.so(CInterfaceManager.cpp-L6195)     Description:[InnerGetOneFrameTimeout]This's frame lose packets[3]     Solution:Please check the network environment
Info    2020-07-16 13:43:17  DevID:LBAS-GE13-30C(00C02230243)  Source-Line:libMvCameraControl.so(CInterfaceManager.cpp-L1801)     Description:[StopGrabbing] return[0x0]     Solution:
Info    2020-07-16 13:43:17  DevID:LBAS-GE13-30C(00C02230243)  Source-Line:libMvCameraControl.so(CInterfaceManager.cpp-L5739)     Description:RecvThread Process Exit     Solution:
Info    2020-07-16 13:43:17  DevID:LBAS-GE13-30C(00C02230243)  Source-Line:libMvCameraControl.so(CInterfaceManager.cpp-L5547)     Description:Display process exit     Solution:
Info    2020-07-16 13:43:18  DevID:LBAS-GE13-30C(00C02230243)  Source-Line:libMvCameraControl.so(CInterfaceManager.cpp-L1169)     Description:[CloseDevice] return[0x0]     Solution:
Info    2020-07-16 13:43:18  DevID:LBAS-GE13-30C(00C02230243)  Source-Line:libMvCameraControl.so(CInterfaceManager.cpp-L0830)     Description:[MV_CC_DestroyHandle] return[0x0]     Solution:
