Info    2020-07-16 13:34:14  DevID:LBAS-GE13-30C(00C02230243)  Source-Line:libMVGigEVisionSDK.so(GigEVisionManager.cpp-L0200)     Description:Current dynamic library path[/opt/LBAS/Samples_LinuxSDK/lib/64/libMVGigEVisionSDK.so]     Solution:
Warning 2020-07-16 13:34:14  DevID:LBAS-GE13-30C(00C02230243)  Source-Line:libMVGigEVisionSDK.so(GigEVisionManager.cpp-L0286)     Description:Driver mode failed, DriverInstalled[0x80000002], DriverVersion[0x0]     Solution:
Info    2020-07-16 13:34:14  DevID:LBAS-GE13-30C(00C02230243)  Source-Line:libMVGigEVisionSDK.so(GigEVisionManager.cpp-L0287)     Description:Socket mode start!     Solution:
Info    2020-07-16 13:34:14  DevID:LBAS-GE13-30C(00C02230243)  Source-Line:libMVGigEVisionSDK.so(GigEVisionManager.cpp-L4853)     Description:TransmissionType[0x0], nRet[0x0], GvspSendIp[0x0], GvspSendPort[0], HostIp[0x0], HostPort[0]     Solution:
Info    2020-07-16 13:34:14  DevID:LBAS-GE13-30C(00C02230243)  Source-Line:libMVGigEVisionSDK.so(GigEVisionManager.cpp-L1093)     Description:Disconnect device     Solution:
Info    2020-07-16 13:34:14  DevID:LBAS-GE13-30C(00C02230243)  Source-Line:libMVGigEVisionSDK.so(GigEVisionManager.cpp-L0200)     Description:Current dynamic library path[/opt/LBAS/Samples_LinuxSDK/lib/64/libMVGigEVisionSDK.so]     Solution:
Warning 2020-07-16 13:34:14  DevID:LBAS-GE13-30C(00C02230243)  Source-Line:libMVGigEVisionSDK.so(GigEVisionManager.cpp-L0286)     Description:Driver mode failed, DriverInstalled[0x80000002], DriverVersion[0x0]     Solution:
Info    2020-07-16 13:34:14  DevID:LBAS-GE13-30C(00C02230243)  Source-Line:libMVGigEVisionSDK.so(GigEVisionManager.cpp-L0287)     Description:Socket mode start!     Solution:
Info    2020-07-16 13:34:14  DevID:LBAS-GE13-30C(00C02230243)  Source-Line:libMVGigEVisionSDK.so(GigEVisionManager.cpp-L1017)     Description:Connecting device, hostIP[0xc0a80563], hostPort[49145], devIP[0xc0a80533]     Solution:
Info    2020-07-16 13:34:18  DevID:LBAS-GE13-30C(00C02230243)  Source-Line:libMVGigEVisionSDK.so(GigEVisionManager.cpp-L2514)     Description:GigE StreamInterEventThread Start, ThreadId[1104611072]     Solution:
Info    2020-07-16 13:34:18  DevID:LBAS-GE13-30C(00C02230243)  Source-Line:libMVGigEVisionSDK.so(GigEVisionGVSP.cpp-L0597)     Description:GVSP GVSPThread Start, ThreadId[1113003776]     Solution:
Info    2020-07-16 13:41:44  DevID:LBAS-GE13-30C(00C02230243)  Source-Line:libMVGigEVisionSDK.so(GigEVisionManager.cpp-L0200)     Description:Current dynamic library path[/opt/LBAS/Samples_LinuxSDK/lib/64/libMVGigEVisionSDK.so]     Solution:
Warning 2020-07-16 13:41:44  DevID:LBAS-GE13-30C(00C02230243)  Source-Line:libMVGigEVisionSDK.so(GigEVisionManager.cpp-L0286)     Description:Driver mode failed, DriverInstalled[0x80000002], DriverVersion[0x0]     Solution:
Info    2020-07-16 13:41:44  DevID:LBAS-GE13-30C(00C02230243)  Source-Line:libMVGigEVisionSDK.so(GigEVisionManager.cpp-L0287)     Description:Socket mode start!     Solution:
Info    2020-07-16 13:41:44  DevID:LBAS-GE13-30C(00C02230243)  Source-Line:libMVGigEVisionSDK.so(GigEVisionManager.cpp-L4853)     Description:TransmissionType[0x0], nRet[0x0], GvspSendIp[0x0], GvspSendPort[0], HostIp[0x0], HostPort[0]     Solution:
Info    2020-07-16 13:41:44  DevID:LBAS-GE13-30C(00C02230243)  Source-Line:libMVGigEVisionSDK.so(GigEVisionManager.cpp-L1093)     Description:Disconnect device     Solution:
Info    2020-07-16 13:41:44  DevID:LBAS-GE13-30C(00C02230243)  Source-Line:libMVGigEVisionSDK.so(GigEVisionManager.cpp-L0200)     Description:Current dynamic library path[/opt/LBAS/Samples_LinuxSDK/lib/64/libMVGigEVisionSDK.so]     Solution:
Warning 2020-07-16 13:41:44  DevID:LBAS-GE13-30C(00C02230243)  Source-Line:libMVGigEVisionSDK.so(GigEVisionManager.cpp-L0286)     Description:Driver mode failed, DriverInstalled[0x80000002], DriverVersion[0x0]     Solution:
Info    2020-07-16 13:41:44  DevID:LBAS-GE13-30C(00C02230243)  Source-Line:libMVGigEVisionSDK.so(GigEVisionManager.cpp-L0287)     Description:Socket mode start!     Solution:
Info    2020-07-16 13:41:44  DevID:LBAS-GE13-30C(00C02230243)  Source-Line:libMVGigEVisionSDK.so(GigEVisionManager.cpp-L1017)     Description:Connecting device, hostIP[0xc0a80563], hostPort[45573], devIP[0xc0a80533]     Solution:
Info    2020-07-16 13:41:50  DevID:LBAS-GE13-30C(00C02230243)  Source-Line:libMVGigEVisionSDK.so(GigEVisionGVSP.cpp-L0597)     Description:GVSP GVSPThread Start, ThreadId[-363391232]     Solution:
Info    2020-07-16 13:41:50  DevID:LBAS-GE13-30C(00C02230243)  Source-Line:libMVGigEVisionSDK.so(GigEVisionManager.cpp-L2514)     Description:GigE StreamInterEventThread Start, ThreadId[-371783936]     Solution:
Info    2020-07-16 13:43:17  DevID:LBAS-GE13-30C(00C02230243)  Source-Line:libMVGigEVisionSDK.so(GigEVisionManager.cpp-L2692)     Description:GigE StreamInterEvent thread stop     Solution:
Info    2020-07-16 13:43:17  DevID:LBAS-GE13-30C(00C02230243)  Source-Line:libMVGigEVisionSDK.so(GigEVisionGVSP.cpp-L0658)     Description:GVSP recv thread stop     Solution:
Info    2020-07-16 13:43:17  DevID:LBAS-GE13-30C(00C02230243)  Source-Line:libMVGigEVisionSDK.so(GigEVisionManager.cpp-L2246)     Description:AppGetCount[2610], AppGetCountSucceed[2610], NetRecv[2610], ThrowAbnormalImage[0], NetLostFrame[0], ThrowInBufList[0], LostPackets[3]     Solution:
Info    2020-07-16 13:43:17  DevID:LBAS-GE13-30C(00C02230243)  Source-Line:libMVGigEVisionSDK.so(GigEVisionManager.cpp-L2246)     Description:AppGetCount[2610], AppGetCountSucceed[2610], NetRecv[2610], ThrowAbnormalImage[0], NetLostFrame[0], ThrowInBufList[0], LostPackets[3]     Solution:
Info    2020-07-16 13:43:17  DevID:LBAS-GE13-30C(00C02230243)  Source-Line:libMVGigEVisionSDK.so(GigEVisionManager.cpp-L4853)     Description:TransmissionType[0x0], nRet[0x0], GvspSendIp[0xc0a80563], GvspSendPort[45573], HostIp[0xc0a80563], HostPort[45573]     Solution:
Info    2020-07-16 13:43:17  DevID:LBAS-GE13-30C(00C02230243)  Source-Line:libMVGigEVisionSDK.so(GigEVisionManager.cpp-L1093)     Description:Disconnect device     Solution:
Info    2020-07-16 13:43:17  DevID:LBAS-GE13-30C(00C02230243)  Source-Line:libMVGigEVisionSDK.so(GigEVisionManager.cpp-L2246)     Description:AppGetCount[2610], AppGetCountSucceed[2610], NetRecv[2610], ThrowAbnormalImage[0], NetLostFrame[0], ThrowInBufList[0], LostPackets[3]     Solution:
Info    2020-07-16 13:43:18  DevID:LBAS-GE13-30C(00C02230243)  Source-Line:libMVGigEVisionSDK.so(GigEVisionGVSP.cpp-L0715)     Description:NearBID[0], LastBID[0], output[0]     Solution:
